{"level":"error","message":"couldnt get the genres!!! couldnt get the genres!!!","stack":"Error: couldnt get the genres!!!\n    at C:\\Users\\A.R\\Desktop\\Desktop\\Node.js Course\\7th course\\router\\genre.js:10:11\n    at newFn (C:\\Users\\A.R\\Desktop\\Desktop\\Node.js Course\\7th course\\node_modules\\express-async-errors\\index.js:16:20)\n    at Layer.handle [as handle_request] (C:\\Users\\A.R\\Desktop\\Desktop\\Node.js Course\\7th course\\node_modules\\express\\lib\\router\\layer.js:95:5)\n    at next (C:\\Users\\A.R\\Desktop\\Desktop\\Node.js Course\\7th course\\node_modules\\express\\lib\\router\\route.js:144:13)\n    at Route.dispatch (C:\\Users\\A.R\\Desktop\\Desktop\\Node.js Course\\7th course\\node_modules\\express\\lib\\router\\route.js:114:3)\n    at newFn (C:\\Users\\A.R\\Desktop\\Desktop\\Node.js Course\\7th course\\node_modules\\express-async-errors\\index.js:16:20)\n    at Layer.handle [as handle_request] (C:\\Users\\A.R\\Desktop\\Desktop\\Node.js Course\\7th course\\node_modules\\express\\lib\\router\\layer.js:95:5)\n    at C:\\Users\\A.R\\Desktop\\Desktop\\Node.js Course\\7th course\\node_modules\\express\\lib\\router\\index.js:284:15\n    at Function.process_params (C:\\Users\\A.R\\Desktop\\Desktop\\Node.js Course\\7th course\\node_modules\\express\\lib\\router\\index.js:346:12)\n    at next (C:\\Users\\A.R\\Desktop\\Desktop\\Node.js Course\\7th course\\node_modules\\express\\lib\\router\\index.js:280:10)"}
{"level":"error","message":"couldnt get the genres!!! couldnt get the genres!!!","stack":"Error: couldnt get the genres!!!\n    at C:\\Users\\A.R\\Desktop\\Desktop\\Node.js Course\\7th course\\router\\genre.js:10:11\n    at newFn (C:\\Users\\A.R\\Desktop\\Desktop\\Node.js Course\\7th course\\node_modules\\express-async-errors\\index.js:16:20)\n    at Layer.handle [as handle_request] (C:\\Users\\A.R\\Desktop\\Desktop\\Node.js Course\\7th course\\node_modules\\express\\lib\\router\\layer.js:95:5)\n    at next (C:\\Users\\A.R\\Desktop\\Desktop\\Node.js Course\\7th course\\node_modules\\express\\lib\\router\\route.js:144:13)\n    at Route.dispatch (C:\\Users\\A.R\\Desktop\\Desktop\\Node.js Course\\7th course\\node_modules\\express\\lib\\router\\route.js:114:3)\n    at newFn (C:\\Users\\A.R\\Desktop\\Desktop\\Node.js Course\\7th course\\node_modules\\express-async-errors\\index.js:16:20)\n    at Layer.handle [as handle_request] (C:\\Users\\A.R\\Desktop\\Desktop\\Node.js Course\\7th course\\node_modules\\express\\lib\\router\\layer.js:95:5)\n    at C:\\Users\\A.R\\Desktop\\Desktop\\Node.js Course\\7th course\\node_modules\\express\\lib\\router\\index.js:284:15\n    at Function.process_params (C:\\Users\\A.R\\Desktop\\Desktop\\Node.js Course\\7th course\\node_modules\\express\\lib\\router\\index.js:346:12)\n    at next (C:\\Users\\A.R\\Desktop\\Desktop\\Node.js Course\\7th course\\node_modules\\express\\lib\\router\\index.js:280:10)"}
{"level":"error","message":"couldnt get the genres!!! couldnt get the genres!!!","stack":"Error: couldnt get the genres!!!\n    at C:\\Users\\A.R\\Desktop\\Desktop\\Node.js Course\\7th course\\router\\genre.js:10:11\n    at newFn (C:\\Users\\A.R\\Desktop\\Desktop\\Node.js Course\\7th course\\node_modules\\express-async-errors\\index.js:16:20)\n    at Layer.handle [as handle_request] (C:\\Users\\A.R\\Desktop\\Desktop\\Node.js Course\\7th course\\node_modules\\express\\lib\\router\\layer.js:95:5)\n    at next (C:\\Users\\A.R\\Desktop\\Desktop\\Node.js Course\\7th course\\node_modules\\express\\lib\\router\\route.js:144:13)\n    at Route.dispatch (C:\\Users\\A.R\\Desktop\\Desktop\\Node.js Course\\7th course\\node_modules\\express\\lib\\router\\route.js:114:3)\n    at newFn (C:\\Users\\A.R\\Desktop\\Desktop\\Node.js Course\\7th course\\node_modules\\express-async-errors\\index.js:16:20)\n    at Layer.handle [as handle_request] (C:\\Users\\A.R\\Desktop\\Desktop\\Node.js Course\\7th course\\node_modules\\express\\lib\\router\\layer.js:95:5)\n    at C:\\Users\\A.R\\Desktop\\Desktop\\Node.js Course\\7th course\\node_modules\\express\\lib\\router\\index.js:284:15\n    at Function.process_params (C:\\Users\\A.R\\Desktop\\Desktop\\Node.js Course\\7th course\\node_modules\\express\\lib\\router\\index.js:346:12)\n    at next (C:\\Users\\A.R\\Desktop\\Desktop\\Node.js Course\\7th course\\node_modules\\express\\lib\\router\\index.js:280:10)"}
{"level":"error","message":"unhandled exception during start unhandled exception during start","stack":"Error: unhandled exception during start\n    at Object.<anonymous> (C:\\Users\\A.R\\Desktop\\Desktop\\Node.js Course\\7th course\\app.js:27:7)\n    at Module._compile (node:internal/modules/cjs/loader:1103:14)\n    at Object.Module._extensions..js (node:internal/modules/cjs/loader:1155:10)\n    at Module.load (node:internal/modules/cjs/loader:981:32)\n    at Function.Module._load (node:internal/modules/cjs/loader:822:12)\n    at Function.executeUserEntryPoint [as runMain] (node:internal/modules/run_main:77:12)\n    at node:internal/main/run_main_module:17:47"}
{"level":"error","message":"unhandled exception during start unhandled exception during start","stack":"Error: unhandled exception during start\n    at Object.<anonymous> (C:\\Users\\A.R\\Desktop\\Desktop\\Node.js Course\\7th course\\app.js:32:7)\n    at Module._compile (node:internal/modules/cjs/loader:1103:14)\n    at Object.Module._extensions..js (node:internal/modules/cjs/loader:1155:10)\n    at Module.load (node:internal/modules/cjs/loader:981:32)\n    at Function.Module._load (node:internal/modules/cjs/loader:822:12)\n    at Function.executeUserEntryPoint [as runMain] (node:internal/modules/run_main:77:12)\n    at node:internal/main/run_main_module:17:47"}
{"level":"error","message":"","stack":"Error\n    at Object.<anonymous> (C:\\Users\\A.R\\Desktop\\Desktop\\Node.js Course\\7th course\\app.js:33:7)\n    at Module._compile (node:internal/modules/cjs/loader:1103:14)\n    at Object.Module._extensions..js (node:internal/modules/cjs/loader:1155:10)\n    at Module.load (node:internal/modules/cjs/loader:981:32)\n    at Function.Module._load (node:internal/modules/cjs/loader:822:12)\n    at Function.executeUserEntryPoint [as runMain] (node:internal/modules/run_main:77:12)\n    at node:internal/main/run_main_module:17:47"}
{"level":"error","message":"","stack":"Error\n    at Object.<anonymous> (C:\\Users\\A.R\\Desktop\\Desktop\\Node.js Course\\7th course\\app.js:33:7)\n    at Module._compile (node:internal/modules/cjs/loader:1103:14)\n    at Object.Module._extensions..js (node:internal/modules/cjs/loader:1155:10)\n    at Module.load (node:internal/modules/cjs/loader:981:32)\n    at Function.Module._load (node:internal/modules/cjs/loader:822:12)\n    at Function.executeUserEntryPoint [as runMain] (node:internal/modules/run_main:77:12)\n    at node:internal/main/run_main_module:17:47"}
{"level":"error","message":"couldnt get the genres!!! couldnt get the genres!!!","stack":"Error: couldnt get the genres!!!\n    at C:\\Users\\A.R\\Desktop\\Desktop\\Node.js Course\\7th course\\router\\genre.js:10:11\n    at newFn (C:\\Users\\A.R\\Desktop\\Desktop\\Node.js Course\\7th course\\node_modules\\express-async-errors\\index.js:16:20)\n    at Layer.handle [as handle_request] (C:\\Users\\A.R\\Desktop\\Desktop\\Node.js Course\\7th course\\node_modules\\express\\lib\\router\\layer.js:95:5)\n    at next (C:\\Users\\A.R\\Desktop\\Desktop\\Node.js Course\\7th course\\node_modules\\express\\lib\\router\\route.js:144:13)\n    at Route.dispatch (C:\\Users\\A.R\\Desktop\\Desktop\\Node.js Course\\7th course\\node_modules\\express\\lib\\router\\route.js:114:3)\n    at newFn (C:\\Users\\A.R\\Desktop\\Desktop\\Node.js Course\\7th course\\node_modules\\express-async-errors\\index.js:16:20)\n    at Layer.handle [as handle_request] (C:\\Users\\A.R\\Desktop\\Desktop\\Node.js Course\\7th course\\node_modules\\express\\lib\\router\\layer.js:95:5)\n    at C:\\Users\\A.R\\Desktop\\Desktop\\Node.js Course\\7th course\\node_modules\\express\\lib\\router\\index.js:284:15\n    at Function.process_params (C:\\Users\\A.R\\Desktop\\Desktop\\Node.js Course\\7th course\\node_modules\\express\\lib\\router\\index.js:346:12)\n    at next (C:\\Users\\A.R\\Desktop\\Desktop\\Node.js Course\\7th course\\node_modules\\express\\lib\\router\\index.js:280:10)"}
{"level":"error","message":"couldnt get the genres!!! couldnt get the genres!!!","stack":"Error: couldnt get the genres!!!\n    at Object.<anonymous> (C:\\Users\\A.R\\Desktop\\Desktop\\Node.js Course\\7th course\\app.js:33:11)\n    at Module._compile (node:internal/modules/cjs/loader:1103:14)\n    at Object.Module._extensions..js (node:internal/modules/cjs/loader:1155:10)\n    at Module.load (node:internal/modules/cjs/loader:981:32)\n    at Function.Module._load (node:internal/modules/cjs/loader:822:12)\n    at Function.executeUserEntryPoint [as runMain] (node:internal/modules/run_main:77:12)\n    at node:internal/main/run_main_module:17:47"}
{"level":"error","message":"couldnt get the genres!!! couldnt get the genres!!!","stack":"Error: couldnt get the genres!!!\n    at Object.<anonymous> (C:\\Users\\A.R\\Desktop\\Desktop\\Node.js Course\\7th course\\app.js:33:7)\n    at Module._compile (node:internal/modules/cjs/loader:1103:14)\n    at Object.Module._extensions..js (node:internal/modules/cjs/loader:1155:10)\n    at Module.load (node:internal/modules/cjs/loader:981:32)\n    at Function.Module._load (node:internal/modules/cjs/loader:822:12)\n    at Function.executeUserEntryPoint [as runMain] (node:internal/modules/run_main:77:12)\n    at node:internal/main/run_main_module:17:47"}
{"level":"error","message":"couldnt get the genres!!! couldnt get the genres!!!","stack":"Error: couldnt get the genres!!!\n    at Object.<anonymous> (C:\\Users\\A.R\\Desktop\\Desktop\\Node.js Course\\7th course\\app.js:33:7)\n    at Module._compile (node:internal/modules/cjs/loader:1103:14)\n    at Object.Module._extensions..js (node:internal/modules/cjs/loader:1155:10)\n    at Module.load (node:internal/modules/cjs/loader:981:32)\n    at Function.Module._load (node:internal/modules/cjs/loader:822:12)\n    at Function.executeUserEntryPoint [as runMain] (node:internal/modules/run_main:77:12)\n    at node:internal/main/run_main_module:17:47"}
{"level":"error","message":"couldnt get the new errors!!! couldnt get the new errors!!!","stack":"Error: couldnt get the new errors!!!\n    at Object.<anonymous> (C:\\Users\\A.R\\Desktop\\Desktop\\Node.js Course\\7th course\\app.js:33:7)\n    at Module._compile (node:internal/modules/cjs/loader:1103:14)\n    at Object.Module._extensions..js (node:internal/modules/cjs/loader:1155:10)\n    at Module.load (node:internal/modules/cjs/loader:981:32)\n    at Function.Module._load (node:internal/modules/cjs/loader:822:12)\n    at Function.executeUserEntryPoint [as runMain] (node:internal/modules/run_main:77:12)\n    at node:internal/main/run_main_module:17:47"}
{"level":"error"}
{"level":"error"}
{"level":"error"}
{"level":"error"}
{"level":"error"}
{"level":"error","message":"unhandled rejection unhandled rejection","stack":"Error: unhandled rejection\n    at Object.<anonymous> (C:\\Users\\A.R\\Desktop\\Desktop\\Node.js Course\\7th course\\app.js:33:16)\n    at Module._compile (node:internal/modules/cjs/loader:1103:14)\n    at Object.Module._extensions..js (node:internal/modules/cjs/loader:1155:10)\n    at Module.load (node:internal/modules/cjs/loader:981:32)\n    at Function.Module._load (node:internal/modules/cjs/loader:822:12)\n    at Function.executeUserEntryPoint [as runMain] (node:internal/modules/run_main:77:12)\n    at node:internal/main/run_main_module:17:47"}
{"level":"error","message":"unhandled rejection unhandled rejection","stack":"Error: unhandled rejection\n    at Object.<anonymous> (C:\\Users\\A.R\\Desktop\\Desktop\\Node.js Course\\7th course\\app.js:33:16)\n    at Module._compile (node:internal/modules/cjs/loader:1103:14)\n    at Object.Module._extensions..js (node:internal/modules/cjs/loader:1155:10)\n    at Module.load (node:internal/modules/cjs/loader:981:32)\n    at Function.Module._load (node:internal/modules/cjs/loader:822:12)\n    at Function.executeUserEntryPoint [as runMain] (node:internal/modules/run_main:77:12)\n    at node:internal/main/run_main_module:17:47"}
{"level":"error","message":"unhandled rejection unhandled rejection","stack":"Error: unhandled rejection\n    at Object.<anonymous> (C:\\Users\\A.R\\Desktop\\Desktop\\Node.js Course\\7th course\\app.js:33:16)\n    at Module._compile (node:internal/modules/cjs/loader:1103:14)\n    at Object.Module._extensions..js (node:internal/modules/cjs/loader:1155:10)\n    at Module.load (node:internal/modules/cjs/loader:981:32)\n    at Function.Module._load (node:internal/modules/cjs/loader:822:12)\n    at Function.executeUserEntryPoint [as runMain] (node:internal/modules/run_main:77:12)\n    at node:internal/main/run_main_module:17:47"}
{"level":"error","message":"connect ECONNREFUSED 127.0.0.1:27017 connect ECONNREFUSED 127.0.0.1:27017","reason":{"compatible":true,"heartbeatFrequencyMS":10000,"localThresholdMS":15,"servers":{},"stale":false,"type":"Unknown"},"stack":"MongooseServerSelectionError: connect ECONNREFUSED 127.0.0.1:27017\n    at NativeConnection.Connection.openUri (C:\\Users\\A.R\\Desktop\\Desktop\\Node.js Course\\7th course\\node_modules\\mongoose\\lib\\connection.js:807:32)\n    at C:\\Users\\A.R\\Desktop\\Desktop\\Node.js Course\\7th course\\node_modules\\mongoose\\lib\\index.js:342:10\n    at C:\\Users\\A.R\\Desktop\\Desktop\\Node.js Course\\7th course\\node_modules\\mongoose\\lib\\helpers\\promiseOrCallback.js:32:5\n    at new Promise (<anonymous>)\n    at promiseOrCallback (C:\\Users\\A.R\\Desktop\\Desktop\\Node.js Course\\7th course\\node_modules\\mongoose\\lib\\helpers\\promiseOrCallback.js:31:10)\n    at Mongoose._promiseOrCallback (C:\\Users\\A.R\\Desktop\\Desktop\\Node.js Course\\7th course\\node_modules\\mongoose\\lib\\index.js:1181:10)\n    at Mongoose.connect (C:\\Users\\A.R\\Desktop\\Desktop\\Node.js Course\\7th course\\node_modules\\mongoose\\lib\\index.js:341:20)\n    at module.exports (C:\\Users\\A.R\\Desktop\\Desktop\\Node.js Course\\7th course\\startup\\db.js:5:13)\n    at Object.<anonymous> (C:\\Users\\A.R\\Desktop\\Desktop\\Node.js Course\\7th course\\app.js:9:24)\n    at Module._compile (node:internal/modules/cjs/loader:1103:14)"}
{"level":"info","message":"Connected to mongo..."}
{"level":"info","message":"Connected to mongo..."}
{"level":"info","message":"Connected to mongo..."}
{"level":"info","message":"Connected to mongo..."}
{"level":"info","message":"Connected to mongo..."}
{"level":"error","message":"winston.info is not a function winston.info is not a function","stack":"TypeError: winston.info is not a function\n    at Server.<anonymous> (C:\\Users\\A.R\\Desktop\\Desktop\\Node.js Course\\7th course\\app.js:15:13)\n    at Object.onceWrapper (node:events:639:28)\n    at Server.emit (node:events:520:28)\n    at emitListeningNT (node:net:1364:10)\n    at processTicksAndRejections (node:internal/process/task_queues:82:21)"}
{"level":"info","message":"the app is strated at port 3000"}
{"level":"info","message":"Connected to mongo..."}
{"level":"info","message":"the app is strated at port 3000"}
{"level":"info","message":"Connected to mongodb://localhost/vidly..."}
{"level":"info","message":"the app is strated at port 3000"}
{"level":"info","message":"Connected to mongodb://localhost/vidly..."}
{"level":"info","message":"the app is strated at port 3000"}
{"level":"info","message":"Connected to mongodb://localhost/vidly_test..."}
{"level":"info","message":"the app is strated at port 3000"}
{"level":"info","message":"Connected to mongodb://localhost/vidly_test..."}
{"level":"info","message":"the app is strated at port 3000"}
{"level":"info","message":"Connected to mongodb://localhost/vidly_test..."}
{"level":"info","message":"the app is strated at port 3000"}
{"level":"info","message":"Connected to mongodb://localhost/vidly_test..."}
{"level":"info","message":"the app is strated at port 3000"}
{"level":"info","message":"Connected to mongodb://localhost/vidly_test..."}
{"level":"info","message":"the app is strated at port 3000"}
{"level":"info","message":"Connected to mongodb://localhost/vidly_test..."}
{"level":"info","message":"the app is strated at port 3000"}
{"level":"info","message":"Connected to mongodb://localhost/vidly_test..."}
{"level":"info","message":"the app is strated at port 3000"}
{"level":"info","message":"Connected to mongodb://localhost/vidly..."}
{"level":"info","message":"the app is strated at port 3000"}
{"level":"info","message":"Connected to mongodb://localhost/vidly_test..."}
{"level":"info","message":"the app is strated at port 3000"}
{"level":"info","message":"Connected to mongodb://localhost/vidly_test..."}
{"level":"info","message":"the app is strated at port 3000"}
{"level":"info","message":"Connected to mongodb://localhost/vidly_test..."}
{"level":"info","message":"the app is strated at port 3000"}
{"level":"info","message":"Connected to mongodb://localhost/vidly_test..."}
{"level":"info","message":"the app is strated at port 3000"}
{"level":"info","message":"Connected to mongodb://localhost/vidly_test..."}
{"level":"info","message":"the app is strated at port 3000"}
{"level":"info","message":"Connected to mongodb://localhost/vidly_test..."}
{"level":"info","message":"the app is strated at port 3000"}
{"level":"info","message":"Connected to mongodb://localhost/vidly_test..."}
{"level":"info","message":"the app is strated at port 3000"}
{"level":"info","message":"Connected to mongodb://localhost/vidly_test..."}
{"level":"info","message":"the app is strated at port 3000"}
{"level":"info","message":"Connected to mongodb://localhost/vidly_test..."}
{"level":"info","message":"the app is strated at port 3000"}
{"level":"info","message":"Connected to mongodb://localhost/vidly_test..."}
{"level":"info","message":"the app is strated at port 3000"}
{"level":"info","message":"Connected to mongodb://localhost/vidly_test..."}
{"level":"info","message":"the app is strated at port 3000"}
{"level":"info","message":"Connected to mongodb://localhost/vidly_test..."}
{"level":"info","message":"the app is strated at port 3000"}
{"level":"info","message":"Connected to mongodb://localhost/vidly_test..."}
{"level":"info","message":"the app is strated at port 3000"}
{"level":"info","message":"Connected to mongodb://localhost/vidly_test..."}
{"level":"info","message":"the app is strated at port 3000"}
{"level":"info","message":"Connected to mongodb://localhost/vidly_test..."}
{"level":"info","message":"the app is strated at port 3000"}
{"level":"info","message":"Connected to mongodb://localhost/vidly_test..."}
{"level":"info","message":"the app is strated at port 3000"}
{"level":"info","message":"Connected to mongodb://localhost/vidly_test..."}
{"level":"info","message":"the app is strated at port 3000"}
{"level":"info","message":"Connected to mongodb://localhost/vidly_test..."}
{"level":"info","message":"the app is strated at port 3000"}
{"level":"info","message":"Connected to mongodb://localhost/vidly_test..."}
{"level":"info","message":"the app is strated at port 3000"}
{"level":"info","message":"Connected to mongodb://localhost/vidly_test..."}
{"level":"info","message":"the app is strated at port 3000"}
{"level":"info","message":"Connected to mongodb://localhost/vidly_test..."}
{"level":"info","message":"the app is strated at port 3000"}
{"level":"info","message":"Connected to mongodb://localhost/vidly_test..."}
{"level":"info","message":"the app is strated at port 3000"}
{"level":"info","message":"Connected to mongodb://localhost/vidly_test..."}
{"level":"info","message":"the app is strated at port 3000"}
{"level":"info","message":"Connected to mongodb://localhost/vidly_test..."}
{"level":"info","message":"the app is strated at port 3000"}
{"level":"info","message":"Connected to mongodb://localhost/vidly_test..."}
{"level":"info","message":"the app is strated at port 3000"}
{"level":"info","message":"Connected to mongodb://localhost/vidly_test..."}
{"level":"info","message":"the app is strated at port 3000"}
{"level":"info","message":"Connected to mongodb://localhost/vidly_test..."}
{"level":"info","message":"the app is strated at port 3000"}
{"level":"info","message":"Connected to mongodb://localhost/vidly_test..."}
{"level":"info","message":"the app is strated at port 3000"}
{"level":"info","message":"Connected to mongodb://localhost/vidly_test..."}
{"level":"info","message":"the app is strated at port 3000"}
{"level":"info","message":"Connected to mongodb://localhost/vidly_test..."}
{"level":"info","message":"the app is strated at port 3000"}
{"level":"info","message":"Connected to mongodb://localhost/vidly_test..."}
{"level":"info","message":"the app is strated at port 3000"}
{"level":"info","message":"Connected to mongodb://localhost/vidly_test..."}
{"level":"info","message":"the app is strated at port 3000"}
{"level":"info","message":"Connected to mongodb://localhost/vidly_test..."}
{"level":"info","message":"the app is strated at port 3000"}
{"level":"info","message":"Connected to mongodb://localhost/vidly_test..."}
{"level":"info","message":"the app is strated at port 3000"}
{"level":"info","message":"Connected to mongodb://localhost/vidly_test..."}
{"level":"info","message":"the app is strated at port 3000"}
{"level":"info","message":"Connected to mongodb://localhost/vidly_test..."}
{"level":"info","message":"the app is strated at port 3000"}
{"level":"info","message":"Connected to mongodb://localhost/vidly_test..."}
{"level":"info","message":"the app is strated at port 3000"}
{"level":"info","message":"Connected to mongodb://localhost/vidly_test..."}
{"level":"info","message":"the app is strated at port 3000"}
{"level":"info","message":"Connected to mongodb://localhost/vidly_test..."}
{"level":"info","message":"the app is strated at port 3000"}
{"level":"info","message":"Connected to mongodb://localhost/vidly_test..."}
{"level":"info","message":"the app is strated at port 3000"}
{"level":"info","message":"Connected to mongodb://localhost/vidly_test..."}
{"level":"info","message":"the app is strated at port 3000"}
{"level":"info","message":"Connected to mongodb://localhost/vidly_test..."}
{"level":"info","message":"the app is strated at port 3000"}
{"level":"info","message":"Connected to mongodb://localhost/vidly_test..."}
{"level":"info","message":"the app is strated at port 3000"}
{"level":"info","message":"Connected to mongodb://localhost/vidly_test..."}
{"level":"info","message":"the app is strated at port 3000"}
{"level":"info","message":"Connected to mongodb://localhost/vidly_test..."}
{"level":"info","message":"the app is strated at port 3000"}
{"level":"info","message":"Connected to mongodb://localhost/vidly_test..."}
{"level":"info","message":"the app is strated at port 3000"}
{"level":"info","message":"Connected to mongodb://localhost/vidly_test..."}
{"level":"info","message":"the app is strated at port 3000"}
{"level":"info","message":"Connected to mongodb://localhost/vidly_test..."}
{"level":"info","message":"the app is strated at port 3000"}
{"level":"info","message":"Connected to mongodb://localhost/vidly_test..."}
{"level":"info","message":"the app is strated at port 3000"}
{"level":"info","message":"Connected to mongodb://localhost/vidly_test..."}
{"level":"info","message":"the app is strated at port 3000"}
{"level":"info","message":"Connected to mongodb://localhost/vidly_test..."}
{"level":"info","message":"the app is strated at port 3000"}
{"level":"info","message":"Connected to mongodb://localhost/vidly_test..."}
{"level":"info","message":"the app is strated at port 3000"}
{"level":"info","message":"Connected to mongodb://localhost/vidly_test..."}
{"level":"info","message":"the app is strated at port 3000"}
{"level":"info","message":"Connected to mongodb://localhost/vidly_test..."}
{"level":"info","message":"Connected to mongodb://localhost/vidly_test..."}
{"level":"info","message":"the app is strated at port 3000"}
{"level":"info","message":"the app is strated at port 3000"}
{"level":"info","message":"Connected to mongodb://localhost/vidly_test..."}
{"level":"info","message":"Connected to mongodb://localhost/vidly_test..."}
{"level":"info","message":"the app is strated at port 3000"}
{"level":"info","message":"the app is strated at port 3000"}
{"level":"info","message":"Connected to mongodb://localhost/vidly_test..."}
{"level":"info","message":"the app is strated at port 3000"}
{"level":"info","message":"Connected to mongodb://localhost/vidly_test..."}
{"level":"info","message":"the app is strated at port 3000"}
{"level":"info","message":"Connected to mongodb://localhost/vidly_test..."}
{"level":"info","message":"the app is strated at port 3000"}
{"level":"info","message":"Connected to mongodb://localhost/vidly_test..."}
{"level":"info","message":"Connected to mongodb://localhost/vidly_test..."}
{"level":"info","message":"the app is strated at port 3000"}
{"level":"info","message":"the app is strated at port 3000"}
{"level":"info","message":"Connected to mongodb://localhost/vidly_test..."}
{"level":"info","message":"the app is strated at port 3000"}
{"level":"info","message":"Connected to mongodb://localhost/vidly_test..."}
{"level":"info","message":"the app is strated at port 3000"}
{"level":"info","message":"Connected to mongodb://localhost/vidly_test..."}
{"level":"info","message":"the app is strated at port 3000"}
{"level":"info","message":"Connected to mongodb://localhost/vidly_test..."}
{"level":"info","message":"the app is strated at port 3000"}
{"level":"info","message":"Connected to mongodb://localhost/vidly_test..."}
{"level":"info","message":"the app is strated at port 3000"}
{"level":"info","message":"Connected to mongodb://localhost/vidly_test..."}
{"level":"info","message":"the app is strated at port 3000"}
{"level":"info","message":"Connected to mongodb://localhost/vidly_test..."}
{"level":"info","message":"the app is strated at port 3000"}
{"level":"info","message":"Connected to mongodb://localhost/vidly_test..."}
{"level":"info","message":"the app is strated at port 3000"}
{"level":"info","message":"Connected to mongodb://localhost/vidly_test..."}
{"level":"info","message":"the app is strated at port 3000"}
{"level":"info","message":"Connected to mongodb://localhost/vidly_test..."}
{"level":"info","message":"the app is strated at port 3000"}
{"level":"info","message":"Connected to mongodb://localhost/vidly_test..."}
{"level":"info","message":"the app is strated at port 3000"}
{"level":"info","message":"Connected to mongodb://localhost/vidly_test..."}
{"level":"info","message":"the app is strated at port 3000"}
{"level":"info","message":"Connected to mongodb://localhost/vidly_test..."}
{"level":"info","message":"the app is strated at port 3000"}
{"level":"info","message":"Connected to mongodb://localhost/vidly_test..."}
{"level":"info","message":"the app is strated at port 3000"}
{"level":"info","message":"Connected to mongodb://localhost/vidly_test..."}
{"level":"info","message":"the app is strated at port 3000"}
{"level":"info","message":"Connected to mongodb://localhost/vidly_test..."}
{"level":"info","message":"the app is strated at port 3000"}
{"level":"info","message":"Connected to mongodb://localhost/vidly_test..."}
{"level":"info","message":"the app is strated at port 3000"}
{"level":"info","message":"Connected to mongodb://localhost/vidly_test..."}
{"level":"info","message":"the app is strated at port 3000"}
{"level":"info","message":"Connected to mongodb://localhost/vidly_test..."}
{"level":"info","message":"Connected to mongodb://localhost/vidly_test..."}
{"level":"info","message":"the app is strated at port 3000"}
{"level":"info","message":"the app is strated at port 3000"}
{"level":"info","message":"Connected to mongodb://localhost/vidly_test..."}
{"level":"info","message":"Connected to mongodb://localhost/vidly_test..."}
{"level":"info","message":"the app is strated at port 3000"}
{"level":"info","message":"the app is strated at port 3000"}
{"level":"info","message":"Connected to mongodb://localhost/vidly_test..."}
{"level":"info","message":"Connected to mongodb://localhost/vidly_test..."}
{"level":"info","message":"the app is strated at port 3000"}
{"level":"info","message":"the app is strated at port 3000"}
{"level":"info","message":"Connected to mongodb://localhost/vidly_test..."}
{"level":"info","message":"the app is strated at port 3000"}
{"level":"info","message":"Connected to mongodb://localhost/vidly_test..."}
{"level":"info","message":"the app is strated at port 3000"}
{"level":"info","message":"Connected to mongodb://localhost/vidly_test..."}
{"level":"info","message":"the app is strated at port 3000"}
{"level":"info","message":"Connected to mongodb://localhost/vidly_test..."}
{"level":"info","message":"the app is strated at port 3000"}
{"level":"info","message":"Connected to mongodb://localhost/vidly..."}
{"level":"info","message":"Connected to mongodb://localhost/vidly_test..."}
{"level":"info","message":"the app is strated at port 3000"}
{"level":"info","message":"Connected to mongodb://localhost/vidly_test..."}
{"level":"info","message":"the app is strated at port 3000"}
{"level":"info","message":"the app is strated at port 3000"}
{"level":"info","message":"Connected to mongodb://localhost/vidly_test..."}
{"level":"info","message":"the app is strated at port 3000"}
{"level":"info","message":"Connected to mongodb://localhost/vidly_test..."}
{"level":"info","message":"the app is strated at port 3000"}
{"level":"info","message":"Connected to mongodb://localhost/vidly_test..."}
{"level":"info","message":"the app is strated at port 3000"}
{"level":"info","message":"Connected to mongodb://localhost/vidly_test..."}
{"level":"info","message":"the app is strated at port 3000"}
{"level":"info","message":"Connected to mongodb://localhost/vidly_test..."}
{"level":"info","message":"the app is strated at port 3000"}
{"level":"info","message":"Connected to mongodb://localhost/vidly_test..."}
{"level":"info","message":"the app is strated at port 3000"}
{"level":"info","message":"Connected to mongodb://localhost/vidly_test..."}
{"level":"info","message":"Connected to mongodb://localhost/vidly_test..."}
{"level":"info","message":"the app is strated at port 3000"}
{"level":"info","message":"the app is strated at port 3000"}
{"level":"info","message":"Connected to mongodb://localhost/vidly_test..."}
{"level":"info","message":"the app is strated at port 3000"}
{"level":"info","message":"Connected to mongodb://localhost/vidly_test..."}
{"level":"info","message":"Connected to mongodb://localhost/vidly_test..."}
{"level":"info","message":"the app is strated at port 3000"}
{"level":"info","message":"the app is strated at port 3000"}
{"level":"info","message":"Connected to mongodb://localhost/vidly_test..."}
{"level":"info","message":"the app is strated at port 3000"}
{"level":"info","message":"Connected to mongodb://localhost/vidly_test..."}
{"level":"info","message":"the app is strated at port 3000"}
{"level":"info","message":"Connected to mongodb://localhost/vidly_test..."}
{"level":"info","message":"the app is strated at port 3000"}
{"level":"info","message":"Connected to mongodb://localhost/vidly_test..."}
{"level":"info","message":"the app is strated at port 3000"}
{"level":"info","message":"Connected to mongodb://localhost/vidly_test..."}
{"level":"info","message":"the app is strated at port 3000"}
{"level":"info","message":"Connected to mongodb://localhost/vidly_test..."}
{"level":"info","message":"the app is strated at port 3000"}
{"level":"info","message":"Connected to mongodb://localhost/vidly_test..."}
{"level":"info","message":"Connected to mongodb://localhost/vidly_test..."}
{"level":"info","message":"the app is strated at port 3000"}
{"level":"info","message":"Connected to mongodb://localhost/vidly_test..."}
{"level":"info","message":"the app is strated at port 3000"}
{"level":"info","message":"the app is strated at port 3000"}
{"level":"info","message":"Connected to mongodb://localhost/vidly_test..."}
{"level":"info","message":"the app is strated at port 3000"}
{"level":"info","message":"Connected to mongodb://localhost/vidly_test..."}
{"level":"info","message":"the app is strated at port 3000"}
{"level":"info","message":"Connected to mongodb://localhost/vidly_test..."}
{"level":"info","message":"the app is strated at port 3000"}
{"level":"info","message":"Connected to mongodb://localhost/vidly_test..."}
{"level":"info","message":"the app is strated at port 3000"}
{"level":"info","message":"Connected to mongodb://localhost/vidly_test..."}
{"level":"info","message":"the app is strated at port 3000"}
{"level":"info","message":"Connected to mongodb://localhost/vidly_test..."}
{"level":"info","message":"the app is strated at port 3000"}
{"level":"info","message":"Connected to mongodb://localhost/vidly_test..."}
{"level":"info","message":"the app is strated at port 3000"}
{"level":"info","message":"Connected to mongodb://localhost/vidly_test..."}
{"level":"info","message":"the app is strated at port 3000"}
{"level":"info","message":"Connected to mongodb://localhost/vidly_test..."}
{"level":"info","message":"the app is strated at port 3000"}
{"level":"info","message":"Connected to mongodb://localhost/vidly_test..."}
{"level":"info","message":"the app is strated at port 3000"}
{"level":"info","message":"Connected to mongodb://localhost/vidly_test..."}
{"level":"info","message":"the app is strated at port 3000"}
{"level":"info","message":"Connected to mongodb://localhost/vidly_test..."}
{"level":"info","message":"Connected to mongodb://localhost/vidly_test..."}
{"level":"info","message":"the app is strated at port 3000"}
{"level":"info","message":"the app is strated at port 3000"}
{"level":"info","message":"Connected to mongodb://localhost/vidly_test..."}
{"level":"info","message":"the app is strated at port 3000"}
{"level":"info","message":"Connected to mongodb://localhost/vidly_test..."}
{"level":"info","message":"the app is strated at port 3000"}
{"level":"info","message":"Connected to mongodb://localhost/vidly_test..."}
{"level":"info","message":"Connected to mongodb://localhost/vidly_test..."}
{"level":"info","message":"the app is strated at port 3000"}
{"level":"info","message":"the app is strated at port 3000"}
{"level":"info","message":"Connected to mongodb://localhost/vidly_test..."}
{"level":"info","message":"Connected to mongodb://localhost/vidly_test..."}
{"level":"info","message":"the app is strated at port 3000"}
{"level":"info","message":"the app is strated at port 3000"}
{"level":"info","message":"Connected to mongodb://localhost/vidly_test..."}
{"level":"info","message":"the app is strated at port 3000"}
{"level":"info","message":"Connected to mongodb://localhost/vidly_test..."}
{"level":"info","message":"the app is strated at port 3000"}
{"level":"info","message":"Connected to mongodb://localhost/vidly_test..."}
{"level":"info","message":"the app is strated at port 3000"}
{"level":"info","message":"Connected to mongodb://localhost/vidly_test..."}
{"level":"info","message":"the app is strated at port 3000"}
{"level":"info","message":"Connected to mongodb://localhost/vidly_test..."}
{"level":"info","message":"the app is strated at port 3000"}
{"level":"info","message":"Connected to mongodb://localhost/vidly_test..."}
{"level":"info","message":"the app is strated at port 3000"}
{"level":"info","message":"Connected to mongodb://localhost/vidly_test..."}
{"level":"info","message":"Connected to mongodb://localhost/vidly_test..."}
{"level":"info","message":"the app is strated at port 3000"}
{"level":"info","message":"the app is strated at port 3000"}
{"level":"info","message":"Connected to mongodb://localhost/vidly_test..."}
{"level":"info","message":"the app is strated at port 3000"}
{"level":"info","message":"the app is strated at port 3000"}
{"level":"info","message":"Connected to mongodb://localhost/vidly_test..."}
{"level":"info","message":"Connected to mongodb://localhost/vidly_test..."}
{"level":"info","message":"the app is strated at port 3000"}
{"level":"info","message":"the app is strated at port 3000"}
{"level":"info","message":"Connected to mongodb://localhost/vidly_test..."}
{"level":"info","message":"Connected to mongodb://localhost/vidly_test..."}
{"level":"info","message":"the app is strated at port 3000"}
{"level":"info","message":"Connected to mongodb://localhost/vidly_test..."}
{"level":"info","message":"the app is strated at port 3000"}
{"level":"info","message":"Connected to mongodb://localhost/vidly_test..."}
{"level":"info","message":"the app is strated at port 3000"}
{"level":"info","message":"the app is strated at port 3000"}
{"level":"info","message":"Connected to mongodb://localhost/vidly_test..."}
{"level":"info","message":"Connected to mongodb://localhost/vidly_test..."}
{"level":"info","message":"the app is strated at port 3000"}
{"level":"info","message":"Connected to mongodb://localhost/vidly_test..."}
{"level":"info","message":"Connected to mongodb://localhost/vidly_test..."}
{"level":"info","message":"the app is strated at port 3000"}
{"level":"info","message":"the app is strated at port 3000"}
{"level":"info","message":"Connected to mongodb://localhost/vidly_test..."}
{"level":"info","message":"Connected to mongodb://localhost/vidly_test..."}
{"level":"info","message":"the app is strated at port 3000"}
{"level":"info","message":"the app is strated at port 3000"}
{"level":"info","message":"Connected to mongodb://localhost/vidly_test..."}
{"level":"info","message":"Connected to mongodb://localhost/vidly_test..."}
{"level":"info","message":"the app is strated at port 3000"}
{"level":"info","message":"the app is strated at port 3000"}
{"level":"info","message":"Connected to mongodb://localhost/vidly_test..."}
{"level":"info","message":"Connected to mongodb://localhost/vidly_test..."}
{"level":"info","message":"the app is strated at port 3000"}
{"level":"info","message":"the app is strated at port 3000"}
{"level":"info","message":"Connected to mongodb://localhost/vidly_test..."}
{"level":"info","message":"the app is strated at port 3000"}
{"level":"info","message":"Connected to mongodb://localhost/vidly_test..."}
{"level":"info","message":"the app is strated at port 3000"}
{"level":"info","message":"the app is strated at port 3000"}
{"level":"info","message":"Connected to mongodb://localhost/vidly_test..."}
{"level":"info","message":"Connected to mongodb://localhost/vidly_test..."}
{"level":"info","message":"the app is strated at port 3000"}
{"level":"info","message":"Connected to mongodb://localhost/vidly_test..."}
{"level":"info","message":"Connected to mongodb://localhost/vidly_test..."}
{"level":"info","message":"the app is strated at port 3000"}
{"level":"info","message":"the app is strated at port 3000"}
{"level":"info","message":"Connected to mongodb://localhost/vidly_test..."}
{"level":"info","message":"Connected to mongodb://localhost/vidly_test..."}
{"level":"info","message":"the app is strated at port 3000"}
{"level":"info","message":"the app is strated at port 3000"}
{"level":"info","message":"Connected to mongodb://localhost/vidly_test..."}
{"level":"info","message":"Connected to mongodb://localhost/vidly_test..."}
{"level":"info","message":"the app is strated at port 3000"}
{"level":"info","message":"the app is strated at port 3000"}
{"level":"info","message":"Connected to mongodb://localhost/vidly_test..."}
{"level":"info","message":"the app is strated at port 3000"}
{"level":"info","message":"Connected to mongodb://localhost/vidly_test..."}
{"level":"info","message":"the app is strated at port 3000"}
{"level":"info","message":"Connected to mongodb://localhost/vidly_test..."}
{"level":"info","message":"the app is strated at port 3000"}
{"level":"info","message":"Connected to mongodb://localhost/vidly_test..."}
{"level":"info","message":"the app is strated at port 3000"}
{"level":"info","message":"Connected to mongodb://localhost/vidly_test..."}
{"level":"info","message":"the app is strated at port 3000"}
{"level":"info","message":"Connected to mongodb://localhost/vidly_test..."}
{"level":"info","message":"the app is strated at port 3000"}
{"level":"info","message":"Connected to mongodb://localhost/vidly_test..."}
{"level":"info","message":"the app is strated at port 3000"}
{"level":"info","message":"Connected to mongodb://localhost/vidly_test..."}
{"level":"info","message":"the app is strated at port 3000"}
{"level":"info","message":"Connected to mongodb://localhost/vidly_test..."}
{"level":"info","message":"the app is strated at port 3000"}
{"level":"info","message":"Connected to mongodb://localhost/vidly_test..."}
{"level":"info","message":"the app is strated at port 3000"}
{"level":"info","message":"Connected to mongodb://localhost/vidly_test..."}
{"level":"info","message":"the app is strated at port 3000"}
{"level":"info","message":"Connected to mongodb://localhost/vidly_test..."}
{"level":"info","message":"the app is strated at port 3000"}
{"level":"info","message":"Connected to mongodb://localhost/vidly_test..."}
{"level":"info","message":"Connected to mongodb://localhost/vidly_test..."}
{"level":"info","message":"the app is strated at port 3000"}
{"level":"info","message":"the app is strated at port 3000"}
{"level":"info","message":"the app is strated at port 3000"}
{"level":"info","message":"Connected to mongodb://localhost/vidly_test..."}
{"level":"info","message":"Connected to mongodb://localhost/vidly_test..."}
{"level":"info","message":"the app is strated at port 3000"}
{"level":"info","message":"the app is strated at port 3000"}
{"level":"info","message":"Connected to mongodb://localhost/vidly_test..."}
{"level":"info","message":"Connected to mongodb://localhost/vidly_test..."}
{"level":"info","message":"the app is strated at port 3000"}
{"level":"info","message":"Connected to mongodb://localhost/vidly_test..."}
{"level":"info","message":"Connected to mongodb://localhost/vidly_test..."}
{"level":"info","message":"the app is strated at port 3000"}
{"level":"info","message":"the app is strated at port 3000"}
{"level":"info","message":"the app is strated at port 3000"}
{"level":"info","message":"Connected to mongodb://localhost/vidly_test..."}
{"level":"info","message":"Connected to mongodb://localhost/vidly_test..."}
{"level":"info","message":"the app is strated at port 3000"}
{"level":"info","message":"Connected to mongodb://localhost/vidly_test..."}
{"level":"info","message":"the app is strated at port 3000"}
{"level":"info","message":"Connected to mongodb://localhost/vidly_test..."}
{"level":"info","message":"the app is strated at port 4000"}
{"level":"info","message":"Connected to mongodb://localhost/vidly_test..."}
{"level":"info","message":"the app is strated at port 4000"}
{"level":"info","message":"Connected to mongodb://localhost/vidly_test..."}
{"level":"info","message":"the app is strated at port 4000"}
{"level":"info","message":"Connected to mongodb://localhost/vidly_test..."}
{"level":"info","message":"the app is strated at port 4000"}
{"level":"info","message":"Connected to mongodb://localhost/vidly_test..."}
{"level":"info","message":"the app is strated at port 4000"}
{"level":"info","message":"Connected to mongodb://localhost/vidly_test..."}
{"level":"info","message":"Connected to mongodb://localhost/vidly_test..."}
{"level":"info","message":"the app is strated at port 4000"}
{"level":"info","message":"the app is strated at port 4000"}
{"level":"info","message":"Connected to mongodb://localhost/vidly_test..."}
{"level":"info","message":"the app is strated at port 4000"}
{"level":"info","message":"Connected to mongodb://localhost/vidly_test..."}
{"level":"info","message":"the app is strated at port 4000"}
{"level":"info","message":"Connected to mongodb://localhost/vidly_test..."}
{"level":"info","message":"the app is strated at port 4000"}
{"level":"info","message":"Connected to mongodb://localhost/vidly_test..."}
{"level":"info","message":"the app is strated at port 4000"}
{"level":"info","message":"Connected to mongodb://localhost/vidly_test..."}
{"level":"info","message":"the app is strated at port 4000"}
{"level":"info","message":"Connected to mongodb://localhost/vidly_test..."}
{"level":"info","message":"the app is strated at port 4000"}
{"level":"info","message":"Connected to mongodb://localhost/vidly_test..."}
{"level":"info","message":"Connected to mongodb://localhost/vidly_test..."}
{"level":"info","message":"the app is strated at port 4000"}
{"level":"info","message":"the app is strated at port 4000"}
{"level":"info","message":"Connected to mongodb://localhost/vidly_test..."}
{"level":"info","message":"the app is strated at port 4000"}
{"level":"info","message":"Connected to mongodb://localhost/vidly_test..."}
{"level":"info","message":"the app is strated at port 4000"}
{"level":"info","message":"the app is strated at port 4000"}
{"level":"info","message":"Connected to mongodb://localhost/vidly_test..."}
{"level":"info","message":"Connected to mongodb://localhost/vidly_test..."}
{"level":"info","message":"the app is strated at port 4000"}
{"level":"info","message":"Connected to mongodb://localhost/vidly_test..."}
{"level":"info","message":"the app is strated at port 4000"}
{"level":"info","message":"Connected to mongodb://localhost/vidly_test..."}
{"level":"info","message":"the app is strated at port 4000"}
{"level":"info","message":"Connected to mongodb://localhost/vidly_test..."}
{"level":"info","message":"the app is strated at port 4000"}
{"level":"info","message":"Connected to mongodb://localhost/vidly_test..."}
{"level":"info","message":"Connected to mongodb://localhost/vidly_test..."}
{"level":"info","message":"the app is strated at port 4000"}
{"level":"info","message":"the app is strated at port 4000"}
{"level":"info","message":"Connected to mongodb://localhost/vidly_test..."}
{"level":"info","message":"Connected to mongodb://localhost/vidly_test..."}
{"level":"info","message":"the app is strated at port 4000"}
{"level":"info","message":"the app is strated at port 4000"}
{"level":"info","message":"the app is strated at port 4000"}
{"level":"info","message":"Connected to mongodb://localhost/vidly_test..."}
{"level":"info","message":"Connected to mongodb://localhost/vidly_test..."}
{"level":"info","message":"the app is strated at port 4000"}
{"level":"info","message":"Connected to mongodb://localhost/vidly_test..."}
{"level":"info","message":"the app is strated at port 4000"}
{"level":"info","message":"Connected to mongodb://localhost/vidly_test..."}
{"level":"info","message":"the app is strated at port 4000"}
{"level":"info","message":"Connected to mongodb://localhost/vidly_test..."}
{"level":"info","message":"the app is strated at port 4000"}
{"level":"info","message":"Connected to mongodb://localhost/vidly_test..."}
{"level":"info","message":"the app is strated at port 4000"}
{"level":"info","message":"Connected to mongodb://localhost/vidly_test..."}
{"level":"info","message":"the app is strated at port 4000"}
{"level":"info","message":"Connected to mongodb://localhost/vidly_test..."}
{"level":"info","message":"the app is strated at port 4000"}
{"level":"info","message":"Connected to mongodb://localhost/vidly_test..."}
{"level":"info","message":"the app is strated at port 4000"}
{"level":"info","message":"Connected to mongodb://localhost/vidly_test..."}
{"level":"info","message":"the app is strated at port 4000"}
{"level":"info","message":"Connected to mongodb://localhost/vidly_test..."}
{"level":"info","message":"the app is strated at port 4000"}
{"level":"info","message":"Connected to mongodb://localhost/vidly_test..."}
{"level":"info","message":"the app is strated at port 4000"}
{"level":"info","message":"Connected to mongodb://localhost/vidly_test..."}
{"level":"info","message":"the app is strated at port 4000"}
{"level":"info","message":"Connected to mongodb://localhost/vidly_test..."}
{"level":"info","message":"the app is strated at port 4000"}
{"level":"info","message":"Connected to mongodb://localhost/vidly_test..."}
{"level":"info","message":"the app is strated at port 4000"}
{"level":"info","message":"Connected to mongodb://localhost/vidly_test..."}
{"level":"info","message":"the app is strated at port 4000"}
{"level":"info","message":"Connected to mongodb://localhost/vidly_test..."}
{"level":"info","message":"the app is strated at port 4000"}
{"level":"info","message":"Connected to mongodb://localhost/vidly_test..."}
{"level":"info","message":"the app is strated at port 4000"}
{"level":"info","message":"Connected to mongodb://localhost/vidly_test..."}
{"level":"info","message":"the app is strated at port 4000"}
{"level":"info","message":"Connected to mongodb://localhost/vidly_test..."}
{"level":"info","message":"the app is strated at port 4000"}
{"level":"info","message":"Connected to mongodb://localhost/vidly_test..."}
{"level":"info","message":"the app is strated at port 4000"}
{"level":"info","message":"Connected to mongodb://localhost/vidly_test..."}
{"level":"info","message":"the app is strated at port 4000"}
{"level":"info","message":"Connected to mongodb://localhost/vidly_test..."}
{"level":"info","message":"the app is strated at port 4000"}
{"level":"info","message":"Connected to mongodb://localhost/vidly_test..."}
{"level":"info","message":"the app is strated at port 4000"}
{"level":"info","message":"Connected to mongodb://localhost/vidly_test..."}
{"level":"info","message":"the app is strated at port 4000"}
{"level":"info","message":"Connected to mongodb://localhost/vidly_test..."}
{"level":"info","message":"the app is strated at port 4000"}
{"level":"info","message":"Connected to mongodb://localhost/vidly_test..."}
{"level":"info","message":"the app is strated at port 4000"}
{"level":"info","message":"Connected to mongodb://localhost/vidly_test..."}
{"level":"info","message":"the app is strated at port 4000"}
{"level":"info","message":"Connected to mongodb://localhost/vidly_test..."}
{"level":"info","message":"the app is strated at port 4000"}
{"level":"info","message":"Connected to mongodb://localhost/vidly_test..."}
{"level":"info","message":"the app is strated at port 4000"}
{"level":"info","message":"Connected to mongodb://localhost/vidly_test..."}
{"level":"info","message":"the app is strated at port 4000"}
{"level":"info","message":"Connected to mongodb://localhost/vidly..."}
{"level":"info","message":"the app is strated at port 4000"}
{"level":"info","message":"Connected to mongodb://localhost/vidly_test..."}
{"level":"info","message":"the app is strated at port 4000"}
{"level":"info","message":"Connected to mongodb://localhost/vidly_test..."}
{"level":"info","message":"the app is strated at port 4000"}
{"level":"info","message":"Connected to mongodb://localhost/vidly_test..."}
{"level":"info","message":"the app is strated at port 4000"}
{"level":"info","message":"Connected to mongodb://localhost/vidly_test..."}
{"level":"info","message":"the app is strated at port 4000"}
{"level":"info","message":"Connected to mongodb://localhost/vidly_test..."}
{"level":"info","message":"the app is strated at port 4000"}
{"level":"info","message":"Connected to mongodb://localhost/vidly_test..."}
{"level":"info","message":"the app is strated at port 4000"}
{"level":"info","message":"Connected to mongodb://localhost/vidly_test..."}
{"level":"info","message":"the app is strated at port 4000"}
{"level":"info","message":"Connected to mongodb://localhost/vidly_test..."}
{"level":"info","message":"the app is strated at port 4000"}
{"level":"info","message":"Connected to mongodb://localhost/vidly_test..."}
{"level":"info","message":"the app is strated at port 4000"}
{"level":"info","message":"Connected to mongodb://localhost/vidly_test..."}
{"level":"info","message":"the app is strated at port 4000"}
{"level":"info","message":"Connected to mongodb://localhost/vidly_test..."}
{"level":"info","message":"the app is strated at port 4000"}
{"level":"info","message":"Connected to mongodb://localhost/vidly_test..."}
{"level":"info","message":"the app is strated at port 4000"}
{"level":"info","message":"Connected to mongodb://localhost/vidly_test..."}
{"level":"info","message":"the app is strated at port 4000"}
{"level":"info","message":"Connected to mongodb://localhost/vidly_test..."}
{"level":"info","message":"the app is strated at port 4000"}
{"level":"info","message":"Connected to mongodb://localhost/vidly_test..."}
{"level":"info","message":"the app is strated at port 4000"}
{"level":"info","message":"Connected to mongodb://localhost/vidly_test..."}
{"level":"info","message":"the app is strated at port 4000"}
{"level":"info","message":"Connected to mongodb://localhost/vidly_test..."}
{"level":"info","message":"the app is strated at port 4000"}
{"level":"info","message":"Connected to mongodb://localhost/vidly_test..."}
{"level":"info","message":"the app is strated at port 4000"}
{"level":"info","message":"Connected to mongodb://localhost/vidly_test..."}
{"level":"info","message":"the app is strated at port 4000"}
{"level":"info","message":"Connected to mongodb://localhost/vidly_test..."}
{"level":"info","message":"the app is strated at port 4000"}
{"level":"info","message":"Connected to mongodb://localhost/vidly_test..."}
{"level":"info","message":"the app is strated at port 4000"}
{"level":"info","message":"Connected to mongodb://localhost/vidly_test..."}
{"level":"info","message":"the app is strated at port 4000"}
{"level":"info","message":"Connected to mongodb://localhost/vidly_test..."}
{"level":"info","message":"the app is strated at port 4000"}
{"level":"info","message":"Connected to mongodb://localhost/vidly_test..."}
{"level":"info","message":"the app is strated at port 4000"}
{"level":"info","message":"Connected to mongodb://localhost/vidly_test..."}
{"level":"info","message":"the app is strated at port 4000"}
{"level":"info","message":"Connected to mongodb://localhost/vidly_test..."}
{"level":"info","message":"the app is strated at port 4000"}
{"level":"info","message":"Connected to mongodb://localhost/vidly_test..."}
{"level":"info","message":"the app is strated at port 4000"}
{"level":"info","message":"Connected to mongodb://localhost/vidly_test..."}
{"level":"info","message":"the app is strated at port 4000"}
{"level":"info","message":"Connected to mongodb://localhost/vidly_test..."}
{"level":"info","message":"the app is strated at port 4000"}
{"level":"info","message":"Connected to mongodb://localhost/vidly_test..."}
{"level":"info","message":"the app is strated at port 4000"}
{"level":"info","message":"Connected to mongodb://localhost/vidly_test..."}
{"level":"info","message":"the app is strated at port 4000"}
{"level":"info","message":"Connected to mongodb://localhost/vidly_test..."}
{"level":"info","message":"the app is strated at port 4000"}
{"level":"info","message":"Connected to mongodb://localhost/vidly_test..."}
{"level":"info","message":"the app is strated at port 4000"}
{"level":"info","message":"Connected to mongodb://localhost/vidly_test..."}
{"level":"info","message":"the app is strated at port 4000"}
{"level":"info","message":"Connected to mongodb://localhost/vidly_test..."}
{"level":"info","message":"the app is strated at port 4000"}
{"level":"info","message":"Connected to mongodb://localhost/vidly_test..."}
{"level":"info","message":"the app is strated at port 4000"}
{"level":"info","message":"Connected to mongodb://localhost/vidly_test..."}
{"level":"info","message":"the app is strated at port 4000"}
{"level":"info","message":"Connected to mongodb://localhost/vidly_test..."}
{"level":"info","message":"the app is strated at port 4000"}
{"level":"info","message":"Connected to mongodb://localhost/vidly_test..."}
{"level":"info","message":"the app is strated at port 4000"}
{"level":"info","message":"Connected to mongodb://localhost/vidly_test..."}
{"level":"info","message":"the app is strated at port 4000"}
{"level":"info","message":"Connected to mongodb://localhost/vidly_test..."}
{"level":"info","message":"the app is strated at port 4000"}
{"level":"info","message":"Connected to mongodb://localhost/vidly_test..."}
{"level":"info","message":"the app is strated at port 4000"}
{"level":"info","message":"Connected to mongodb://localhost/vidly_test..."}
{"level":"info","message":"the app is strated at port 4000"}
{"level":"info","message":"Connected to mongodb://localhost/vidly_test..."}
{"level":"info","message":"the app is strated at port 4000"}
{"level":"info","message":"Connected to mongodb://localhost/vidly_test..."}
{"level":"info","message":"the app is strated at port 4000"}
{"level":"info","message":"Connected to mongodb://localhost/vidly_test..."}
{"level":"info","message":"the app is strated at port 4000"}
{"level":"info","message":"Connected to mongodb://localhost/vidly_test..."}
{"level":"info","message":"the app is strated at port 4000"}
{"level":"info","message":"Connected to mongodb://localhost/vidly_test..."}
{"level":"info","message":"the app is strated at port 4000"}
{"level":"info","message":"Connected to mongodb://localhost/vidly_test..."}
{"level":"info","message":"the app is strated at port 4000"}
{"level":"info","message":"Connected to mongodb://localhost/vidly_test..."}
{"level":"info","message":"the app is strated at port 4000"}
{"level":"info","message":"Connected to mongodb://localhost/vidly_test..."}
{"level":"info","message":"the app is strated at port 4000"}
{"level":"info","message":"Connected to mongodb://localhost/vidly_test..."}
{"level":"info","message":"the app is strated at port 4000"}
{"level":"info","message":"Connected to mongodb://localhost/vidly_test..."}
{"level":"info","message":"the app is strated at port 4000"}
{"level":"info","message":"Connected to mongodb://localhost/vidly_test..."}
{"level":"info","message":"the app is strated at port 4000"}
{"level":"info","message":"Connected to mongodb://localhost/vidly_test..."}
{"level":"info","message":"the app is strated at port 4000"}
{"level":"info","message":"Connected to mongodb://localhost/vidly_test..."}
{"level":"info","message":"the app is strated at port 4000"}
{"level":"info","message":"Connected to mongodb://localhost/vidly_test..."}
{"level":"info","message":"the app is strated at port 4000"}
{"level":"info","message":"Connected to mongodb://localhost/vidly_test..."}
{"level":"info","message":"the app is strated at port 4000"}
{"level":"info","message":"Connected to mongodb://localhost/vidly_test..."}
{"level":"info","message":"the app is strated at port 4000"}
{"level":"info","message":"Connected to mongodb://localhost/vidly_test..."}
{"level":"info","message":"the app is strated at port 4000"}
{"level":"info","message":"Connected to mongodb://localhost/vidly_test..."}
{"level":"info","message":"the app is strated at port 4000"}
{"level":"info","message":"Connected to mongodb://localhost/vidly_test..."}
{"level":"info","message":"the app is strated at port 4000"}
{"level":"info","message":"Connected to mongodb://localhost/vidly_test..."}
{"level":"info","message":"the app is strated at port 4000"}
{"level":"info","message":"Connected to mongodb://localhost/vidly_test..."}
{"level":"info","message":"the app is strated at port 4000"}
{"level":"info","message":"Connected to mongodb://localhost/vidly_test..."}
{"level":"info","message":"the app is strated at port 4000"}
{"level":"info","message":"Connected to mongodb://localhost/vidly_test..."}
{"level":"info","message":"the app is strated at port 4000"}
{"level":"info","message":"Connected to mongodb://localhost/vidly_test..."}
{"level":"info","message":"the app is strated at port 4000"}
{"level":"info","message":"Connected to mongodb://localhost/vidly_test..."}
{"level":"info","message":"the app is strated at port 4000"}
{"level":"info","message":"Connected to mongodb://localhost/vidly_test..."}
{"level":"info","message":"the app is strated at port 4000"}
{"level":"info","message":"Connected to mongodb://localhost/vidly_test..."}
{"level":"info","message":"the app is strated at port 4000"}
{"level":"info","message":"Connected to mongodb://localhost/vidly_test..."}
{"level":"info","message":"the app is strated at port 4000"}
{"level":"info","message":"Connected to mongodb://localhost/vidly_test..."}
{"level":"info","message":"the app is strated at port 4000"}
{"level":"info","message":"Connected to mongodb://localhost/vidly_test..."}
{"level":"info","message":"the app is strated at port 4000"}
{"level":"info","message":"Connected to mongodb://localhost/vidly_test..."}
{"level":"info","message":"the app is strated at port 4000"}
{"level":"info","message":"Connected to mongodb://localhost/vidly_test..."}
{"level":"info","message":"the app is strated at port 4000"}
{"level":"info","message":"Connected to mongodb://localhost/vidly_test..."}
{"level":"info","message":"the app is strated at port 4000"}
{"level":"info","message":"Connected to mongodb://localhost/vidly_test..."}
{"level":"info","message":"the app is strated at port 4000"}
{"level":"info","message":"Connected to mongodb://localhost/vidly_test..."}
{"level":"info","message":"the app is strated at port 4000"}
{"level":"info","message":"Connected to mongodb://localhost/vidly_test..."}
{"level":"info","message":"the app is strated at port 4000"}
{"level":"info","message":"Connected to mongodb://localhost/vidly_test..."}
{"level":"info","message":"the app is strated at port 4000"}
{"level":"info","message":"Connected to mongodb://localhost/vidly_test..."}
{"level":"info","message":"the app is strated at port 4000"}
{"level":"info","message":"Connected to mongodb://localhost/vidly_test..."}
{"level":"info","message":"the app is strated at port 4000"}
{"level":"info","message":"Connected to mongodb://localhost/vidly_test..."}
{"level":"info","message":"the app is strated at port 4000"}
{"level":"info","message":"Connected to mongodb://localhost/vidly_test..."}
{"level":"info","message":"the app is strated at port 4000"}
{"level":"info","message":"Connected to mongodb://localhost/vidly_test..."}
{"level":"info","message":"the app is strated at port 4000"}
{"level":"info","message":"Connected to mongodb://localhost/vidly_test..."}
{"level":"info","message":"the app is strated at port 4000"}
{"level":"info","message":"Connected to mongodb://localhost/vidly_test..."}
{"level":"info","message":"the app is strated at port 4000"}
{"level":"info","message":"Connected to mongodb://localhost/vidly_test..."}
{"level":"info","message":"the app is strated at port 4000"}
{"level":"info","message":"Connected to mongodb://localhost/vidly_test..."}
{"level":"info","message":"the app is strated at port 4000"}
{"level":"info","message":"Connected to mongodb://localhost/vidly_test..."}
{"level":"info","message":"the app is strated at port 4000"}
{"level":"info","message":"Connected to mongodb://localhost/vidly_test..."}
{"level":"info","message":"the app is strated at port 4000"}
{"level":"info","message":"Connected to mongodb://localhost/vidly_test..."}
{"level":"info","message":"the app is strated at port 4000"}
{"level":"info","message":"Connected to mongodb://localhost/vidly_test..."}
{"level":"info","message":"the app is strated at port 4000"}
{"level":"info","message":"Connected to mongodb://localhost/vidly_test..."}
{"level":"info","message":"the app is strated at port 4000"}
{"level":"info","message":"Connected to mongodb://localhost/vidly_test..."}
{"level":"info","message":"the app is strated at port 4000"}
{"level":"info","message":"Connected to mongodb://localhost/vidly_test..."}
{"level":"info","message":"the app is strated at port 4000"}
{"level":"info","message":"Connected to mongodb://localhost/vidly_test..."}
{"level":"info","message":"the app is strated at port 4000"}
{"level":"info","message":"Connected to mongodb://localhost/vidly_test..."}
{"level":"info","message":"the app is strated at port 4000"}
{"level":"info","message":"Connected to mongodb://localhost/vidly_test..."}
{"level":"info","message":"the app is strated at port 4000"}
{"level":"info","message":"Connected to mongodb://localhost/vidly_test..."}
{"level":"info","message":"the app is strated at port 4000"}
{"level":"info","message":"Connected to mongodb://localhost/vidly_test..."}
{"level":"info","message":"the app is strated at port 4000"}
{"level":"info","message":"Connected to mongodb://localhost/vidly_test..."}
{"level":"info","message":"the app is strated at port 4000"}
{"level":"info","message":"Connected to mongodb://localhost/vidly_test..."}
{"level":"info","message":"the app is strated at port 4000"}
{"level":"info","message":"Connected to mongodb://localhost/vidly_test..."}
{"level":"info","message":"the app is strated at port 4000"}
{"level":"info","message":"Connected to mongodb://localhost/vidly_test..."}
{"level":"info","message":"the app is strated at port 4000"}
{"level":"info","message":"Connected to mongodb://localhost/vidly_test..."}
{"level":"info","message":"the app is strated at port 4000"}
{"level":"info","message":"Connected to mongodb://localhost/vidly_test..."}
{"level":"info","message":"the app is strated at port 4000"}
{"level":"info","message":"Connected to mongodb://localhost/vidly_test..."}
{"level":"error","message":"Cannot read properties of undefined (reading 'id') Cannot read properties of undefined (reading 'id')","stack":"TypeError: Cannot read properties of undefined (reading 'id')\n    at id (C:\\Users\\A.R\\Desktop\\Desktop\\Node.js Course\\7th course\\middleware\\validateObjectId.js:3:51)\n    at Layer.handle [as handle_request] (C:\\Users\\A.R\\Desktop\\Desktop\\Node.js Course\\7th course\\node_modules\\express\\lib\\router\\layer.js:95:5)\n    at next (C:\\Users\\A.R\\Desktop\\Desktop\\Node.js Course\\7th course\\node_modules\\express\\lib\\router\\route.js:144:13)\n    at next (C:\\Users\\A.R\\Desktop\\Desktop\\Node.js Course\\7th course\\middleware\\admin.js:3:5)\n    at Layer.handle [as handle_request] (C:\\Users\\A.R\\Desktop\\Desktop\\Node.js Course\\7th course\\node_modules\\express\\lib\\router\\layer.js:95:5)\n    at next (C:\\Users\\A.R\\Desktop\\Desktop\\Node.js Course\\7th course\\node_modules\\express\\lib\\router\\route.js:144:13)\n    at next (C:\\Users\\A.R\\Desktop\\Desktop\\Node.js Course\\7th course\\middleware\\auth.js:11:9)\n    at Layer.handle [as handle_request] (C:\\Users\\A.R\\Desktop\\Desktop\\Node.js Course\\7th course\\node_modules\\express\\lib\\router\\layer.js:95:5)\n    at next (C:\\Users\\A.R\\Desktop\\Desktop\\Node.js Course\\7th course\\node_modules\\express\\lib\\router\\route.js:144:13)\n    at Route.dispatch (C:\\Users\\A.R\\Desktop\\Desktop\\Node.js Course\\7th course\\node_modules\\express\\lib\\router\\route.js:114:3)"}
{"level":"error","message":"Cannot read properties of undefined (reading 'id') Cannot read properties of undefined (reading 'id')","stack":"TypeError: Cannot read properties of undefined (reading 'id')\n    at id (C:\\Users\\A.R\\Desktop\\Desktop\\Node.js Course\\7th course\\middleware\\validateObjectId.js:3:51)\n    at Layer.handle [as handle_request] (C:\\Users\\A.R\\Desktop\\Desktop\\Node.js Course\\7th course\\node_modules\\express\\lib\\router\\layer.js:95:5)\n    at next (C:\\Users\\A.R\\Desktop\\Desktop\\Node.js Course\\7th course\\node_modules\\express\\lib\\router\\route.js:144:13)\n    at next (C:\\Users\\A.R\\Desktop\\Desktop\\Node.js Course\\7th course\\middleware\\admin.js:3:5)\n    at Layer.handle [as handle_request] (C:\\Users\\A.R\\Desktop\\Desktop\\Node.js Course\\7th course\\node_modules\\express\\lib\\router\\layer.js:95:5)\n    at next (C:\\Users\\A.R\\Desktop\\Desktop\\Node.js Course\\7th course\\node_modules\\express\\lib\\router\\route.js:144:13)\n    at next (C:\\Users\\A.R\\Desktop\\Desktop\\Node.js Course\\7th course\\middleware\\auth.js:11:9)\n    at Layer.handle [as handle_request] (C:\\Users\\A.R\\Desktop\\Desktop\\Node.js Course\\7th course\\node_modules\\express\\lib\\router\\layer.js:95:5)\n    at next (C:\\Users\\A.R\\Desktop\\Desktop\\Node.js Course\\7th course\\node_modules\\express\\lib\\router\\route.js:144:13)\n    at Route.dispatch (C:\\Users\\A.R\\Desktop\\Desktop\\Node.js Course\\7th course\\node_modules\\express\\lib\\router\\route.js:114:3)"}
{"level":"info","message":"the app is strated at port 4000"}
{"level":"info","message":"Connected to mongodb://localhost/vidly_test..."}
{"level":"info","message":"the app is strated at port 4000"}
{"level":"info","message":"Connected to mongodb://localhost/vidly_test..."}
{"level":"error","message":"Cannot read properties of undefined (reading 'id') Cannot read properties of undefined (reading 'id')","stack":"TypeError: Cannot read properties of undefined (reading 'id')\n    at id (C:\\Users\\A.R\\Desktop\\Desktop\\Node.js Course\\7th course\\middleware\\validateObjectId.js:3:51)\n    at Layer.handle [as handle_request] (C:\\Users\\A.R\\Desktop\\Desktop\\Node.js Course\\7th course\\node_modules\\express\\lib\\router\\layer.js:95:5)\n    at next (C:\\Users\\A.R\\Desktop\\Desktop\\Node.js Course\\7th course\\node_modules\\express\\lib\\router\\route.js:144:13)\n    at next (C:\\Users\\A.R\\Desktop\\Desktop\\Node.js Course\\7th course\\middleware\\admin.js:3:5)\n    at Layer.handle [as handle_request] (C:\\Users\\A.R\\Desktop\\Desktop\\Node.js Course\\7th course\\node_modules\\express\\lib\\router\\layer.js:95:5)\n    at next (C:\\Users\\A.R\\Desktop\\Desktop\\Node.js Course\\7th course\\node_modules\\express\\lib\\router\\route.js:144:13)\n    at next (C:\\Users\\A.R\\Desktop\\Desktop\\Node.js Course\\7th course\\middleware\\auth.js:11:9)\n    at Layer.handle [as handle_request] (C:\\Users\\A.R\\Desktop\\Desktop\\Node.js Course\\7th course\\node_modules\\express\\lib\\router\\layer.js:95:5)\n    at next (C:\\Users\\A.R\\Desktop\\Desktop\\Node.js Course\\7th course\\node_modules\\express\\lib\\router\\route.js:144:13)\n    at Route.dispatch (C:\\Users\\A.R\\Desktop\\Desktop\\Node.js Course\\7th course\\node_modules\\express\\lib\\router\\route.js:114:3)"}
{"level":"error","message":"Cannot read properties of undefined (reading 'id') Cannot read properties of undefined (reading 'id')","stack":"TypeError: Cannot read properties of undefined (reading 'id')\n    at id (C:\\Users\\A.R\\Desktop\\Desktop\\Node.js Course\\7th course\\middleware\\validateObjectId.js:3:51)\n    at Layer.handle [as handle_request] (C:\\Users\\A.R\\Desktop\\Desktop\\Node.js Course\\7th course\\node_modules\\express\\lib\\router\\layer.js:95:5)\n    at next (C:\\Users\\A.R\\Desktop\\Desktop\\Node.js Course\\7th course\\node_modules\\express\\lib\\router\\route.js:144:13)\n    at next (C:\\Users\\A.R\\Desktop\\Desktop\\Node.js Course\\7th course\\middleware\\admin.js:3:5)\n    at Layer.handle [as handle_request] (C:\\Users\\A.R\\Desktop\\Desktop\\Node.js Course\\7th course\\node_modules\\express\\lib\\router\\layer.js:95:5)\n    at next (C:\\Users\\A.R\\Desktop\\Desktop\\Node.js Course\\7th course\\node_modules\\express\\lib\\router\\route.js:144:13)\n    at next (C:\\Users\\A.R\\Desktop\\Desktop\\Node.js Course\\7th course\\middleware\\auth.js:11:9)\n    at Layer.handle [as handle_request] (C:\\Users\\A.R\\Desktop\\Desktop\\Node.js Course\\7th course\\node_modules\\express\\lib\\router\\layer.js:95:5)\n    at next (C:\\Users\\A.R\\Desktop\\Desktop\\Node.js Course\\7th course\\node_modules\\express\\lib\\router\\route.js:144:13)\n    at Route.dispatch (C:\\Users\\A.R\\Desktop\\Desktop\\Node.js Course\\7th course\\node_modules\\express\\lib\\router\\route.js:114:3)"}
{"level":"info","message":"the app is strated at port 4000"}
{"level":"info","message":"Connected to mongodb://localhost/vidly_test..."}
{"level":"info","message":"the app is strated at port 4000"}
{"level":"info","message":"Connected to mongodb://localhost/vidly_test..."}
{"level":"info","message":"the app is strated at port 4000"}
{"level":"info","message":"Connected to mongodb://localhost/vidly_test..."}
{"level":"info","message":"the app is strated at port 4000"}
{"level":"info","message":"Connected to mongodb://localhost/vidly_test..."}
{"level":"info","message":"the app is strated at port 4000"}
{"level":"info","message":"Connected to mongodb://localhost/vidly_test..."}
{"level":"info","message":"the app is strated at port 4000"}
{"level":"info","message":"Connected to mongodb://localhost/vidly_test..."}
{"level":"info","message":"the app is strated at port 4000"}
{"level":"info","message":"Connected to mongodb://localhost/vidly_test..."}
{"level":"info","message":"the app is strated at port 4000"}
{"level":"info","message":"Connected to mongodb://localhost/vidly_test..."}
{"level":"info","message":"the app is strated at port 4000"}
{"level":"info","message":"Connected to mongodb://localhost/vidly_test..."}
{"level":"info","message":"the app is strated at port 4000"}
{"level":"info","message":"Connected to mongodb://localhost/vidly_test..."}
{"level":"info","message":"the app is strated at port 4000"}
{"level":"info","message":"Connected to mongodb://localhost/vidly_test..."}
{"level":"info","message":"the app is strated at port 4000"}
{"level":"info","message":"Connected to mongodb://localhost/vidly_test..."}
{"level":"info","message":"the app is strated at port 4000"}
{"level":"info","message":"Connected to mongodb://localhost/vidly_test..."}
{"level":"info","message":"the app is strated at port 4000"}
{"level":"info","message":"Connected to mongodb://localhost/vidly_test..."}
{"level":"info","message":"the app is strated at port 4000"}
{"level":"info","message":"Connected to mongodb://localhost/vidly_test..."}
{"level":"info","message":"the app is strated at port 4000"}
{"level":"info","message":"Connected to mongodb://localhost/vidly_test..."}
{"level":"info","message":"the app is strated at port 4000"}
{"level":"info","message":"Connected to mongodb://localhost/vidly_test..."}
{"level":"info","message":"the app is strated at port 4000"}
{"level":"info","message":"Connected to mongodb://localhost/vidly_test..."}
{"level":"info","message":"the app is strated at port 4000"}
{"level":"info","message":"Connected to mongodb://localhost/vidly_test..."}
{"level":"info","message":"the app is strated at port 4000"}
{"level":"info","message":"Connected to mongodb://localhost/vidly_test..."}
{"level":"info","message":"the app is strated at port 4000"}
{"level":"info","message":"Connected to mongodb://localhost/vidly_test..."}
{"level":"info","message":"the app is strated at port 4000"}
{"level":"info","message":"Connected to mongodb://localhost/vidly_test..."}
{"level":"info","message":"the app is strated at port 4000"}
{"level":"info","message":"Connected to mongodb://localhost/vidly_test..."}
{"level":"info","message":"the app is strated at port 4000"}
{"level":"info","message":"Connected to mongodb://localhost/vidly_test..."}
{"level":"info","message":"the app is strated at port 4000"}
{"level":"info","message":"Connected to mongodb://localhost/vidly_test..."}
{"level":"info","message":"the app is strated at port 4000"}
{"level":"info","message":"Connected to mongodb://localhost/vidly..."}
